Using pre-set license
Built from '2020.3/release' branch; Version is '2020.3.1f1 (77a89f25062f) revision 7841951'; Using compiler version '192528614'; Build Type 'Release'
OS: 'Windows 10 Pro; OS build 19042.804; Version 2009; 64bit' Language: 'en' Physical Memory: 16288 MB
BatchMode: 1, IsHumanControllingUs: 0, StartBugReporterOnCrash: 0, Is64bit: 1, IsPro: 0

 COMMAND LINE ARGUMENTS:
E:\UnityEditors\2020.3.1f1\Editor\Unity.exe
-adb2
-batchMode
-noUpm
-name
AssetImportWorker0
-projectPath
C:/Users/Jeremy Ivan/Data/Documents/GitHub/CS434_M04_P03_DecoratorExtended/AbstractDecorator
-logFile
Logs/AssetImportWorker0.log
-srvPort
51655
Successfully changed project path to: C:/Users/Jeremy Ivan/Data/Documents/GitHub/CS434_M04_P03_DecoratorExtended/AbstractDecorator
C:/Users/Jeremy Ivan/Data/Documents/GitHub/CS434_M04_P03_DecoratorExtended/AbstractDecorator
Using Asset Import Pipeline V2.
Refreshing native plugins compatible for Editor in 19.16 ms, found 0 plugins.
Preloading 0 native plugins for Editor in 0.00 ms.
Initialize engine version: 2020.3.1f1 (77a89f25062f)
[Subsystems] Discovering subsystems at path E:/UnityEditors/2020.3.1f1/Editor/Data/Resources/UnitySubsystems
[Subsystems] Discovering subsystems at path C:/Users/Jeremy Ivan/Data/Documents/GitHub/CS434_M04_P03_DecoratorExtended/AbstractDecorator/Assets
GfxDevice: creating device client; threaded=0
Direct3D:
    Version:  Direct3D 11.0 [level 11.1]
    Renderer: NVIDIA GeForce RTX 2060 (ID=0x1f08)
    Vendor:   
    VRAM:     5980 MB
    Driver:   27.21.14.6663
Initialize mono
Mono path[0] = 'E:/UnityEditors/2020.3.1f1/Editor/Data/Managed'
Mono path[1] = 'E:/UnityEditors/2020.3.1f1/Editor/Data/MonoBleedingEdge/lib/mono/unityjit'
Mono config path = 'E:/UnityEditors/2020.3.1f1/Editor/Data/MonoBleedingEdge/etc'
Using monoOptions --debugger-agent=transport=dt_socket,embedding=1,server=y,suspend=n,address=127.0.0.1:56096
Begin MonoManager ReloadAssembly
Registering precompiled unity dll's ...
Register platform support module: E:/UnityEditors/2020.3.1f1/Editor/Data/PlaybackEngines/WebGLSupport/UnityEditor.WebGL.Extensions.dll
Register platform support module: E:/UnityEditors/2020.3.1f1/Editor/Data/PlaybackEngines/WindowsStandaloneSupport/UnityEditor.WindowsStandalone.Extensions.dll
Registered in 0.000938 seconds.
Native extension for WindowsStandalone target not found
Native extension for WebGL target not found
Refreshing native plugins compatible for Editor in 20.13 ms, found 0 plugins.
Preloading 0 native plugins for Editor in 0.00 ms.
Invoked RoslynAnalysisRunner static constructor.
RoslynAnalysisRunner will not be running.
RoslynAnalysisRunner has terminated.
Mono: successfully reloaded assembly
- Completed reload, in  0.757 seconds
Platform modules already initialized, skipping
Registering precompiled user dll's ...
Registered in 0.000773 seconds.
Begin MonoManager ReloadAssembly
Native extension for WindowsStandalone target not found
Native extension for WebGL target not found
Refreshing native plugins compatible for Editor in 0.20 ms, found 0 plugins.
Preloading 0 native plugins for Editor in 0.00 ms.
Invoked RoslynAnalysisRunner static constructor.
RoslynAnalysisRunner will not be running.
RoslynAnalysisRunner has terminated.
Mono: successfully reloaded assembly
- Completed reload, in  0.733 seconds
Platform modules already initialized, skipping
========================================================================
Worker process is ready to serve import requests
Launched and connected shader compiler UnityShaderCompiler.exe after 0.04 seconds
Refreshing native plugins compatible for Editor in 0.20 ms, found 0 plugins.
Preloading 0 native plugins for Editor in 0.00 ms.
Unloading 1122 Unused Serialized files (Serialized files now loaded: 0)
System memory in use before: 57.4 MB.
System memory in use after: 57.5 MB.

Unloading 9 unused Assets to reduce memory usage. Loaded Objects now: 1566.
Total: 1.584600 ms (FindLiveObjects: 0.133800 ms CreateObjectMapping: 0.036000 ms MarkObjects: 1.358100 ms  DeleteObjects: 0.055600 ms)

========================================================================
Received Import Request.
  path: Assets/AbstractFactory.cs
  artifactKey: Guid(61e7febf0f6a715489719a456687c420) Importer(815301076,1909f56bfc062723c751e8b465ee728b)
Start importing Assets/AbstractFactory.cs using Guid(61e7febf0f6a715489719a456687c420) Importer(815301076,1909f56bfc062723c751e8b465ee728b)  -> (artifact id: 'aa6cc4fc7659ad1e6f151fc58df3046c') in 0.022146 seconds
  Import took 0.023720 seconds .

========================================================================
Received Import Request.
  Time since last request: 10.259277 seconds.
  path: Assets/IPlane.cs
  artifactKey: Guid(9fd3a6ac17e8ba0499285ad482bb1d35) Importer(815301076,1909f56bfc062723c751e8b465ee728b)
Start importing Assets/IPlane.cs using Guid(9fd3a6ac17e8ba0499285ad482bb1d35) Importer(815301076,1909f56bfc062723c751e8b465ee728b)  -> (artifact id: '4cc77d36f1d60c39f21e33a44dda369b') in 0.005218 seconds
  Import took 0.006837 seconds .

========================================================================
Received Import Request.
  Time since last request: 0.019028 seconds.
  path: Assets/IPlane.cs
  artifactKey: Guid(9fd3a6ac17e8ba0499285ad482bb1d35) Importer(815301076,1909f56bfc062723c751e8b465ee728b)
Start importing Assets/IPlane.cs using Guid(9fd3a6ac17e8ba0499285ad482bb1d35) Importer(815301076,1909f56bfc062723c751e8b465ee728b)  -> (artifact id: '4cc77d36f1d60c39f21e33a44dda369b') in 0.001769 seconds
  Import took 0.003511 seconds .

========================================================================
Received Import Request.
  Time since last request: 151.673089 seconds.
  path: Assets/AircraftFactory.cs
  artifactKey: Guid(3f8320c05e21c214c8864fc14edde7c0) Importer(815301076,1909f56bfc062723c751e8b465ee728b)
Start importing Assets/AircraftFactory.cs using Guid(3f8320c05e21c214c8864fc14edde7c0) Importer(815301076,1909f56bfc062723c751e8b465ee728b)  -> (artifact id: '514b8a3d0d18130d399401b8465130e7') in 0.006343 seconds
  Import took 0.008271 seconds .

========================================================================
Received Import Request.
  Time since last request: 0.000860 seconds.
  path: Assets/AircraftFactory.cs
  artifactKey: Guid(3f8320c05e21c214c8864fc14edde7c0) Importer(815301076,1909f56bfc062723c751e8b465ee728b)
Start importing Assets/AircraftFactory.cs using Guid(3f8320c05e21c214c8864fc14edde7c0) Importer(815301076,1909f56bfc062723c751e8b465ee728b)  -> (artifact id: '514b8a3d0d18130d399401b8465130e7') in 0.003097 seconds
  Import took 0.004630 seconds .

========================================================================
Received Import Request.
  Time since last request: 234.171193 seconds.
  path: Assets/Client.cs
  artifactKey: Guid(26fe78484d4f0f343891c36e50198d07) Importer(815301076,1909f56bfc062723c751e8b465ee728b)
Start importing Assets/Client.cs using Guid(26fe78484d4f0f343891c36e50198d07) Importer(815301076,1909f56bfc062723c751e8b465ee728b)  -> (artifact id: '24781debc47dbf20691aaa0d00b65746') in 0.006417 seconds
  Import took 0.008322 seconds .

========================================================================
Received Import Request.
  Time since last request: 80.619978 seconds.
  path: Assets/Requirements.cs
  artifactKey: Guid(dec6727fe64f930458492438799857df) Importer(815301076,1909f56bfc062723c751e8b465ee728b)
Start importing Assets/Requirements.cs using Guid(dec6727fe64f930458492438799857df) Importer(815301076,1909f56bfc062723c751e8b465ee728b)  -> (artifact id: 'dc4b93118057cb23a795654fae1afe2d') in 0.007316 seconds
  Import took 0.009286 seconds .

========================================================================
Received Import Request.
  Time since last request: 0.001059 seconds.
  path: Assets/Requirements.cs
  artifactKey: Guid(dec6727fe64f930458492438799857df) Importer(815301076,1909f56bfc062723c751e8b465ee728b)
Start importing Assets/Requirements.cs using Guid(dec6727fe64f930458492438799857df) Importer(815301076,1909f56bfc062723c751e8b465ee728b)  -> (artifact id: 'dc4b93118057cb23a795654fae1afe2d') in 0.002011 seconds
  Import took 0.003529 seconds .

========================================================================
Received Import Request.
  Time since last request: 57.698639 seconds.
  path: Assets/Requirements.cs
  artifactKey: Guid(dec6727fe64f930458492438799857df) Importer(815301076,1909f56bfc062723c751e8b465ee728b)
Start importing Assets/Requirements.cs using Guid(dec6727fe64f930458492438799857df) Importer(815301076,1909f56bfc062723c751e8b465ee728b)  -> (artifact id: '3b9e190c1906d3787f9a2212692fa401') in 0.002429 seconds
  Import took 0.004067 seconds .

========================================================================
Received Prepare
Registering precompiled user dll's ...
Registered in 0.000473 seconds.
Begin MonoManager ReloadAssembly
Native extension for WindowsStandalone target not found
Native extension for WebGL target not found
Refreshing native plugins compatible for Editor in 0.26 ms, found 0 plugins.
Preloading 0 native plugins for Editor in 0.00 ms.
Invoked RoslynAnalysisRunner static constructor.
RoslynAnalysisRunner will not be running.
RoslynAnalysisRunner has terminated.
Mono: successfully reloaded assembly
- Completed reload, in  0.592 seconds
Platform modules already initialized, skipping
Refreshing native plugins compatible for Editor in 0.17 ms, found 0 plugins.
Preloading 0 native plugins for Editor in 0.00 ms.
Unloading 1117 Unused Serialized files (Serialized files now loaded: 0)
System memory in use before: 57.4 MB.
System memory in use after: 57.5 MB.

Unloading 4 unused Assets to reduce memory usage. Loaded Objects now: 1569.
Total: 1.486500 ms (FindLiveObjects: 0.155000 ms CreateObjectMapping: 0.047200 ms MarkObjects: 1.264800 ms  DeleteObjects: 0.017900 ms)

========================================================================
Received Prepare
Registering precompiled user dll's ...
Registered in 0.000543 seconds.
Begin MonoManager ReloadAssembly
Native extension for WindowsStandalone target not found
Native extension for WebGL target not found
Refreshing native plugins compatible for Editor in 0.18 ms, found 0 plugins.
Preloading 0 native plugins for Editor in 0.00 ms.
Invoked RoslynAnalysisRunner static constructor.
RoslynAnalysisRunner will not be running.
RoslynAnalysisRunner has terminated.
Mono: successfully reloaded assembly
- Completed reload, in  0.590 seconds
Platform modules already initialized, skipping
Refreshing native plugins compatible for Editor in 0.17 ms, found 0 plugins.
Preloading 0 native plugins for Editor in 0.00 ms.
Unloading 1117 Unused Serialized files (Serialized files now loaded: 0)
System memory in use before: 57.4 MB.
System memory in use after: 57.5 MB.

Unloading 4 unused Assets to reduce memory usage. Loaded Objects now: 1572.
Total: 1.273800 ms (FindLiveObjects: 0.111100 ms CreateObjectMapping: 0.026400 ms MarkObjects: 1.123200 ms  DeleteObjects: 0.012300 ms)

========================================================================
Received Import Request.
  Time since last request: 186.057827 seconds.
  path: Assets/ConcreteFactories.cs
  artifactKey: Guid(1335f76e143d738439d2ea0ee62b9074) Importer(815301076,1909f56bfc062723c751e8b465ee728b)
Start importing Assets/ConcreteFactories.cs using Guid(1335f76e143d738439d2ea0ee62b9074) Importer(815301076,1909f56bfc062723c751e8b465ee728b)  -> (artifact id: 'c9b876e3120e73169a4a4d537a107d48') in 0.006775 seconds
  Import took 0.008346 seconds .

========================================================================
Received Import Request.
  Time since last request: 0.021526 seconds.
  path: Assets/ConcreteFactories.cs
  artifactKey: Guid(1335f76e143d738439d2ea0ee62b9074) Importer(815301076,1909f56bfc062723c751e8b465ee728b)
Start importing Assets/ConcreteFactories.cs using Guid(1335f76e143d738439d2ea0ee62b9074) Importer(815301076,1909f56bfc062723c751e8b465ee728b)  -> (artifact id: 'c9b876e3120e73169a4a4d537a107d48') in 0.001758 seconds
  Import took 0.003317 seconds .

========================================================================
Received Prepare
Registering precompiled user dll's ...
Registered in 0.000566 seconds.
Begin MonoManager ReloadAssembly
Native extension for WindowsStandalone target not found
Native extension for WebGL target not found
Refreshing native plugins compatible for Editor in 0.18 ms, found 0 plugins.
Preloading 0 native plugins for Editor in 0.00 ms.
Invoked RoslynAnalysisRunner static constructor.
RoslynAnalysisRunner will not be running.
RoslynAnalysisRunner has terminated.
Mono: successfully reloaded assembly
- Completed reload, in  0.607 seconds
Platform modules already initialized, skipping
Refreshing native plugins compatible for Editor in 0.17 ms, found 0 plugins.
Preloading 0 native plugins for Editor in 0.00 ms.
Unloading 1117 Unused Serialized files (Serialized files now loaded: 0)
System memory in use before: 57.4 MB.
System memory in use after: 57.5 MB.

Unloading 4 unused Assets to reduce memory usage. Loaded Objects now: 1575.
Total: 1.290700 ms (FindLiveObjects: 0.114800 ms CreateObjectMapping: 0.031500 ms MarkObjects: 1.131700 ms  DeleteObjects: 0.011900 ms)

========================================================================
Received Import Request.
  Time since last request: 197.515936 seconds.
  path: Assets/AbstractFactory.cs
  artifactKey: Guid(61e7febf0f6a715489719a456687c420) Importer(815301076,1909f56bfc062723c751e8b465ee728b)
Start importing Assets/AbstractFactory.cs using Guid(61e7febf0f6a715489719a456687c420) Importer(815301076,1909f56bfc062723c751e8b465ee728b)  -> (artifact id: '52e84c7b8130348e2a3c0921c3f14a2f') in 0.003468 seconds
  Import took 0.004938 seconds .

========================================================================
Received Import Request.
  Time since last request: 0.000249 seconds.
  path: Assets/PlaneDecorator.cs
  artifactKey: Guid(5b7ad1901cf3218499e3d928b2809c2c) Importer(815301076,1909f56bfc062723c751e8b465ee728b)
Start importing Assets/PlaneDecorator.cs using Guid(5b7ad1901cf3218499e3d928b2809c2c) Importer(815301076,1909f56bfc062723c751e8b465ee728b)  -> (artifact id: 'fd565510fd9bebddccb8d6d5a15a1ba6') in 0.005061 seconds
  Import took 0.006589 seconds .

========================================================================
Received Import Request.
  Time since last request: 91.425803 seconds.
  path: Assets/RocketFactory.cs
  artifactKey: Guid(e482201d69673db44b1b59224371a567) Importer(815301076,1909f56bfc062723c751e8b465ee728b)
Start importing Assets/RocketFactory.cs using Guid(e482201d69673db44b1b59224371a567) Importer(815301076,1909f56bfc062723c751e8b465ee728b)  -> (artifact id: 'e86a310b83b680c6674dc1c1f8986d48') in 0.006258 seconds
  Import took 0.008072 seconds .

========================================================================
Received Import Request.
  Time since last request: 0.017385 seconds.
  path: Assets/RocketFactory.cs
  artifactKey: Guid(e482201d69673db44b1b59224371a567) Importer(815301076,1909f56bfc062723c751e8b465ee728b)
Start importing Assets/RocketFactory.cs using Guid(e482201d69673db44b1b59224371a567) Importer(815301076,1909f56bfc062723c751e8b465ee728b)  -> (artifact id: 'e86a310b83b680c6674dc1c1f8986d48') in 0.001996 seconds
  Import took 0.003547 seconds .

========================================================================
Received Prepare
Registering precompiled user dll's ...
Registered in 0.000680 seconds.
Begin MonoManager ReloadAssembly
Native extension for WindowsStandalone target not found
Native extension for WebGL target not found
Refreshing native plugins compatible for Editor in 0.19 ms, found 0 plugins.
Preloading 0 native plugins for Editor in 0.00 ms.
Invoked RoslynAnalysisRunner static constructor.
RoslynAnalysisRunner will not be running.
RoslynAnalysisRunner has terminated.
Mono: successfully reloaded assembly
- Completed reload, in  0.611 seconds
Platform modules already initialized, skipping
Refreshing native plugins compatible for Editor in 0.19 ms, found 0 plugins.
Preloading 0 native plugins for Editor in 0.00 ms.
Unloading 1117 Unused Serialized files (Serialized files now loaded: 0)
System memory in use before: 57.4 MB.
System memory in use after: 57.5 MB.

Unloading 4 unused Assets to reduce memory usage. Loaded Objects now: 1578.
Total: 1.353000 ms (FindLiveObjects: 0.110500 ms CreateObjectMapping: 0.029000 ms MarkObjects: 1.200700 ms  DeleteObjects: 0.011900 ms)

========================================================================
Received Import Request.
  Time since last request: 51.148182 seconds.
  path: Assets/RocketFactory.cs
  artifactKey: Guid(e482201d69673db44b1b59224371a567) Importer(815301076,1909f56bfc062723c751e8b465ee728b)
Start importing Assets/RocketFactory.cs using Guid(e482201d69673db44b1b59224371a567) Importer(815301076,1909f56bfc062723c751e8b465ee728b)  -> (artifact id: 'a9f51b4ae90ef5e2818f42463dac702f') in 0.003371 seconds
  Import took 0.004806 seconds .

========================================================================
Received Prepare
Registering precompiled user dll's ...
Registered in 0.000563 seconds.
Begin MonoManager ReloadAssembly
Native extension for WindowsStandalone target not found
Native extension for WebGL target not found
Refreshing native plugins compatible for Editor in 0.26 ms, found 0 plugins.
Preloading 0 native plugins for Editor in 0.00 ms.
Invoked RoslynAnalysisRunner static constructor.
RoslynAnalysisRunner will not be running.
RoslynAnalysisRunner has terminated.
Mono: successfully reloaded assembly
- Completed reload, in  0.589 seconds
Platform modules already initialized, skipping
Refreshing native plugins compatible for Editor in 0.17 ms, found 0 plugins.
Preloading 0 native plugins for Editor in 0.00 ms.
Unloading 1117 Unused Serialized files (Serialized files now loaded: 0)
System memory in use before: 57.4 MB.
System memory in use after: 57.5 MB.

Unloading 4 unused Assets to reduce memory usage. Loaded Objects now: 1581.
Total: 1.483900 ms (FindLiveObjects: 0.124200 ms CreateObjectMapping: 0.031300 ms MarkObjects: 1.313200 ms  DeleteObjects: 0.014200 ms)

========================================================================
Received Import Request.
  Time since last request: 26.371438 seconds.
  path: Assets/AircraftFactory.cs
  artifactKey: Guid(3f8320c05e21c214c8864fc14edde7c0) Importer(815301076,1909f56bfc062723c751e8b465ee728b)
Start importing Assets/AircraftFactory.cs using Guid(3f8320c05e21c214c8864fc14edde7c0) Importer(815301076,1909f56bfc062723c751e8b465ee728b)  -> (artifact id: 'c508638cec9ea0fefec92b4776fadd5a') in 0.003435 seconds
  Import took 0.004936 seconds .

========================================================================
Received Import Request.
  Time since last request: 0.000262 seconds.
  path: Assets/GliderFactory.cs
  artifactKey: Guid(de287dee2cb530543ae1406fccc05afb) Importer(815301076,1909f56bfc062723c751e8b465ee728b)
Start importing Assets/GliderFactory.cs using Guid(de287dee2cb530543ae1406fccc05afb) Importer(815301076,1909f56bfc062723c751e8b465ee728b)  -> (artifact id: '0ae28f7579a4d282868d451aada6b5a7') in 0.004914 seconds
  Import took 0.006464 seconds .

========================================================================
Received Prepare
Registering precompiled user dll's ...
Registered in 0.000546 seconds.
Begin MonoManager ReloadAssembly
Native extension for WindowsStandalone target not found
Native extension for WebGL target not found
Refreshing native plugins compatible for Editor in 0.18 ms, found 0 plugins.
Preloading 0 native plugins for Editor in 0.00 ms.
Invoked RoslynAnalysisRunner static constructor.
RoslynAnalysisRunner will not be running.
RoslynAnalysisRunner has terminated.
Mono: successfully reloaded assembly
- Completed reload, in  0.593 seconds
Platform modules already initialized, skipping
Refreshing native plugins compatible for Editor in 0.17 ms, found 0 plugins.
Preloading 0 native plugins for Editor in 0.00 ms.
Unloading 1117 Unused Serialized files (Serialized files now loaded: 0)
System memory in use before: 57.5 MB.
System memory in use after: 57.5 MB.

Unloading 4 unused Assets to reduce memory usage. Loaded Objects now: 1584.
Total: 1.258300 ms (FindLiveObjects: 0.117900 ms CreateObjectMapping: 0.030600 ms MarkObjects: 1.097200 ms  DeleteObjects: 0.011600 ms)

========================================================================
Received Import Request.
  Time since last request: 150.964801 seconds.
  path: Assets/PlaneDecorator.cs
  artifactKey: Guid(5b7ad1901cf3218499e3d928b2809c2c) Importer(815301076,1909f56bfc062723c751e8b465ee728b)
Start importing Assets/PlaneDecorator.cs using Guid(5b7ad1901cf3218499e3d928b2809c2c) Importer(815301076,1909f56bfc062723c751e8b465ee728b)  -> (artifact id: 'bd45709e0a71a9dfba4b55c21e11ee67') in 0.003218 seconds
  Import took 0.004745 seconds .

========================================================================
Received Import Request.
  Time since last request: 122.451038 seconds.
  path: Assets/Resources
  artifactKey: Guid(c07e234b975156c48bba6e7c2aa0f5b7) Importer(815301076,1909f56bfc062723c751e8b465ee728b)
Start importing Assets/Resources using Guid(c07e234b975156c48bba6e7c2aa0f5b7) Importer(815301076,1909f56bfc062723c751e8b465ee728b)  -> (artifact id: '453d570874880d87e71379d752953a5d') in 0.007862 seconds
  Import took 0.009865 seconds .

========================================================================
Received Import Request.
  Time since last request: 0.091012 seconds.
  path: Assets/Resources/1Wing1EngineAircraft.prefab
  artifactKey: Guid(9af5ae39b6ee28144843ecb9344cb10f) Importer(815301076,1909f56bfc062723c751e8b465ee728b)
Start importing Assets/Resources/1Wing1EngineAircraft.prefab using Guid(9af5ae39b6ee28144843ecb9344cb10f) Importer(815301076,1909f56bfc062723c751e8b465ee728b)  -> (artifact id: '70b5c894ce4b6fcf999129eb2316bb44') in 0.254188 seconds
  Import took 0.255929 seconds .

========================================================================
Received Import Request.
  Time since last request: 0.000181 seconds.
  path: Assets/Resources/Missle.prefab
  artifactKey: Guid(da1ca67b84df5cd45b19a5294489f548) Importer(815301076,1909f56bfc062723c751e8b465ee728b)
Start importing Assets/Resources/Missle.prefab using Guid(da1ca67b84df5cd45b19a5294489f548) Importer(815301076,1909f56bfc062723c751e8b465ee728b)  -> (artifact id: 'f5bf75ecb1375eddd5257bfa3acddd7a') in 0.011957 seconds
  Import took 0.013652 seconds .

========================================================================
Received Import Request.
  Time since last request: 0.000282 seconds.
  path: Assets/Resources/2WingGlider.prefab
  artifactKey: Guid(4a391a678acff2a458a061e73d889434) Importer(815301076,1909f56bfc062723c751e8b465ee728b)
Start importing Assets/Resources/2WingGlider.prefab using Guid(4a391a678acff2a458a061e73d889434) Importer(815301076,1909f56bfc062723c751e8b465ee728b)  -> (artifact id: '94331d375fb8ca36f98f33666afce444') in 0.012001 seconds
  Import took 0.013752 seconds .

========================================================================
Received Import Request.
  Time since last request: 0.000354 seconds.
  path: Assets/Resources/3WingGlider.prefab
  artifactKey: Guid(1dc7a228f6c6df046ab2ad209032c818) Importer(815301076,1909f56bfc062723c751e8b465ee728b)
Start importing Assets/Resources/3WingGlider.prefab using Guid(1dc7a228f6c6df046ab2ad209032c818) Importer(815301076,1909f56bfc062723c751e8b465ee728b)  -> (artifact id: 'd572dcbfdb5633ff176a3daa1a8a83ff') in 0.010975 seconds
  Import took 0.012729 seconds .

========================================================================
Received Import Request.
  Time since last request: 0.000225 seconds.
  path: Assets/Resources/1WingGlider.prefab
  artifactKey: Guid(994ab1441a55c7c4f9562d198265bd58) Importer(815301076,1909f56bfc062723c751e8b465ee728b)
Start importing Assets/Resources/1WingGlider.prefab using Guid(994ab1441a55c7c4f9562d198265bd58) Importer(815301076,1909f56bfc062723c751e8b465ee728b)  -> (artifact id: 'f3fb3d1f58adf989fd1400a61e6a8a2c') in 0.010929 seconds
  Import took 0.012610 seconds .

========================================================================
Received Import Request.
  Time since last request: 0.000214 seconds.
  path: Assets/Resources/4WingGlider.prefab
  artifactKey: Guid(30f1efca8071cea46a3565a5d82bcb5a) Importer(815301076,1909f56bfc062723c751e8b465ee728b)
Start importing Assets/Resources/4WingGlider.prefab using Guid(30f1efca8071cea46a3565a5d82bcb5a) Importer(815301076,1909f56bfc062723c751e8b465ee728b)  -> (artifact id: '208627546993d03aab4cff0b08da84e4') in 0.010990 seconds
  Import took 0.012636 seconds .

========================================================================
Received Import Request.
  Time since last request: 0.000205 seconds.
  path: Assets/Resources/2Wing1EngineAircraft.prefab
  artifactKey: Guid(2c4f7ade88be6f34591d96c087c87b18) Importer(815301076,1909f56bfc062723c751e8b465ee728b)
Start importing Assets/Resources/2Wing1EngineAircraft.prefab using Guid(2c4f7ade88be6f34591d96c087c87b18) Importer(815301076,1909f56bfc062723c751e8b465ee728b)  -> (artifact id: '44fcb965dd165adb69b2108d0971b058') in 0.009130 seconds
  Import took 0.010767 seconds .

========================================================================
Received Import Request.
  Time since last request: 0.000188 seconds.
  path: Assets/Resources/4WingRocket.prefab
  artifactKey: Guid(b03c650450f4f2d418fc6520de416ed2) Importer(815301076,1909f56bfc062723c751e8b465ee728b)
Start importing Assets/Resources/4WingRocket.prefab using Guid(b03c650450f4f2d418fc6520de416ed2) Importer(815301076,1909f56bfc062723c751e8b465ee728b)  -> (artifact id: 'a7113acb55f4a46228f3d326f71187d5') in 0.009140 seconds
  Import took 0.010911 seconds .

========================================================================
Received Import Request.
  Time since last request: 0.000202 seconds.
  path: Assets/Resources/1WingRocket.prefab
  artifactKey: Guid(f2e745fed5f3b2b4aabb483a74420f87) Importer(815301076,1909f56bfc062723c751e8b465ee728b)
Start importing Assets/Resources/1WingRocket.prefab using Guid(f2e745fed5f3b2b4aabb483a74420f87) Importer(815301076,1909f56bfc062723c751e8b465ee728b)  -> (artifact id: 'cc6c7d1c11bdd570897d41230260d729') in 0.008775 seconds
  Import took 0.010464 seconds .

========================================================================
Received Import Request.
  Time since last request: 0.000182 seconds.
  path: Assets/Resources/2Wing2EngineAircraft.prefab
  artifactKey: Guid(2f42581d486d96b428684d941f9d7f09) Importer(815301076,1909f56bfc062723c751e8b465ee728b)
Start importing Assets/Resources/2Wing2EngineAircraft.prefab using Guid(2f42581d486d96b428684d941f9d7f09) Importer(815301076,1909f56bfc062723c751e8b465ee728b)  -> (artifact id: 'a5b192408a2dd50e3f970b3989b04b91') in 0.009744 seconds
  Import took 0.011562 seconds .

========================================================================
Received Import Request.
  Time since last request: 0.000155 seconds.
  path: Assets/Resources/Gun.prefab
  artifactKey: Guid(334502f332634b24ab8944c2cc630292) Importer(815301076,1909f56bfc062723c751e8b465ee728b)
Start importing Assets/Resources/Gun.prefab using Guid(334502f332634b24ab8944c2cc630292) Importer(815301076,1909f56bfc062723c751e8b465ee728b)  -> (artifact id: '07bf0a1b64b7f5cbd4f7955104aec6e1') in 0.008741 seconds
  Import took 0.010354 seconds .

========================================================================
Received Import Request.
  Time since last request: 0.000148 seconds.
  path: Assets/Resources/1Wing2EngineAircraft.prefab
  artifactKey: Guid(37347281bb225284bbf5e081ba339eda) Importer(815301076,1909f56bfc062723c751e8b465ee728b)
Start importing Assets/Resources/1Wing2EngineAircraft.prefab using Guid(37347281bb225284bbf5e081ba339eda) Importer(815301076,1909f56bfc062723c751e8b465ee728b)  -> (artifact id: '89c2375870152a102f29bf735a0b9c5d') in 0.011533 seconds
  Import took 0.013151 seconds .

========================================================================
Received Import Request.
  Time since last request: 0.000154 seconds.
  path: Assets/Resources/3WingRocket.prefab
  artifactKey: Guid(765d89c885cf6d54c8bba21f44e02177) Importer(815301076,1909f56bfc062723c751e8b465ee728b)
Start importing Assets/Resources/3WingRocket.prefab using Guid(765d89c885cf6d54c8bba21f44e02177) Importer(815301076,1909f56bfc062723c751e8b465ee728b)  -> (artifact id: 'f479a9e350cd22de8b3792b08f0bcf99') in 0.009889 seconds
  Import took 0.011456 seconds .

========================================================================
Received Import Request.
  Time since last request: 0.000138 seconds.
  path: Assets/Resources/2WingRocket.prefab
  artifactKey: Guid(05b0b1cb77fe34549a07b13f4f4143e5) Importer(815301076,1909f56bfc062723c751e8b465ee728b)
Start importing Assets/Resources/2WingRocket.prefab using Guid(05b0b1cb77fe34549a07b13f4f4143e5) Importer(815301076,1909f56bfc062723c751e8b465ee728b)  -> (artifact id: 'e172e8b221bd7301386a5723226c6824') in 0.013673 seconds
  Import took 0.015212 seconds .

========================================================================
Received Prepare
Registering precompiled user dll's ...
Registered in 0.000535 seconds.
Begin MonoManager ReloadAssembly
Native extension for WindowsStandalone target not found
Native extension for WebGL target not found
Refreshing native plugins compatible for Editor in 0.18 ms, found 0 plugins.
Preloading 0 native plugins for Editor in 0.00 ms.
Invoked RoslynAnalysisRunner static constructor.
RoslynAnalysisRunner will not be running.
RoslynAnalysisRunner has terminated.
Mono: successfully reloaded assembly
- Completed reload, in  0.588 seconds
Platform modules already initialized, skipping
Refreshing native plugins compatible for Editor in 0.17 ms, found 0 plugins.
Preloading 0 native plugins for Editor in 0.00 ms.
Unloading 1117 Unused Serialized files (Serialized files now loaded: 0)
System memory in use before: 60.7 MB.
System memory in use after: 60.8 MB.

Unloading 5 unused Assets to reduce memory usage. Loaded Objects now: 1598.
Total: 1.247300 ms (FindLiveObjects: 0.111800 ms CreateObjectMapping: 0.029900 ms MarkObjects: 1.089800 ms  DeleteObjects: 0.015100 ms)

========================================================================
Received Prepare
Registering precompiled user dll's ...
Registered in 0.000597 seconds.
Begin MonoManager ReloadAssembly
Native extension for WindowsStandalone target not found
Native extension for WebGL target not found
Refreshing native plugins compatible for Editor in 0.22 ms, found 0 plugins.
Preloading 0 native plugins for Editor in 0.00 ms.
Invoked RoslynAnalysisRunner static constructor.
RoslynAnalysisRunner will not be running.
RoslynAnalysisRunner has terminated.
Mono: successfully reloaded assembly
- Completed reload, in  0.617 seconds
Platform modules already initialized, skipping
Refreshing native plugins compatible for Editor in 0.18 ms, found 0 plugins.
Preloading 0 native plugins for Editor in 0.00 ms.
Unloading 1117 Unused Serialized files (Serialized files now loaded: 0)
System memory in use before: 60.7 MB.
System memory in use after: 60.8 MB.

Unloading 4 unused Assets to reduce memory usage. Loaded Objects now: 1601.
Total: 1.400300 ms (FindLiveObjects: 0.121700 ms CreateObjectMapping: 0.030600 ms MarkObjects: 1.234700 ms  DeleteObjects: 0.012500 ms)

AssetImportWorkerClient::OnTransportError - code=2 error=End of file
